\BOOKMARK [1][]{Doc-Start}{\376\377\000D\000a\000n\000h\000\040\000m\036\345\000c\000\040\000v\000i\036\277\000t\000\040\000t\036\257\000t}{}% 1
\BOOKMARK [1][]{table.caption.1}{\376\377\000T\000\363\000m\000\040\000t\036\257\000t\000\040\001\021\000i\036\301\000u\000\040\000h\000\340\000n\000h}{}% 2
\BOOKMARK [1][]{section.1}{\376\377\0001\000\040\000T\036\325\000n\000g\000\040\000q\000u\000a\000n\000\040\000d\036\361\000\040\000\341\000n}{}% 3
\BOOKMARK [2][]{subsection.1.1}{\376\377\0001\000.\0001\000\040\000T\000\352\000n\000\040\000d\036\361\000\040\000\341\000n}{section.1}% 4
\BOOKMARK [2][]{subsection.1.2}{\376\377\0001\000.\0002\000\040\000T\036\247\000m\000\040\000n\000h\000\354\000n}{section.1}% 5
\BOOKMARK [2][]{subsection.1.3}{\376\377\0001\000.\0003\000\040\000S\036\351\000\040\000m\036\307\000n\000h}{section.1}% 6
\BOOKMARK [1][]{section.2}{\376\377\0002\000\040\000\335\000\040\000t\001\260\036\337\000n\000g\000\040\000c\000h\000\355\000n\000h\000\040\000c\036\347\000a\000\040\000d\036\361\000\040\000\341\000n}{}% 7
\BOOKMARK [2][]{subsection.2.1}{\376\377\0002\000.\0001\000\040\000K\000i\036\277\000n\000\040\000t\000r\000\372\000c\000\040\000h\036\307\000\040\000t\000h\036\321\000n\000g}{section.2}% 8
\BOOKMARK [2][]{subsection.2.2}{\376\377\0002\000.\0002\000\040\001\020\000i\036\303\000m\000\040\001\021\036\331\000t\000\040\000p\000h\000\341\000\040\000c\000\364\000n\000g\000\040\000n\000g\000h\036\307}{section.2}% 9
\BOOKMARK [2][]{subsection.2.3}{\376\377\0002\000.\0003\000\040\000C\000h\036\351\000c\000\040\000n\001\003\000n\000g\000\040\000c\000h\000\355\000n\000h}{section.2}% 10
\BOOKMARK [3][]{subsubsection.2.3.1}{\376\377\0002\000.\0003\000.\0001\000\040\000D\000\340\000n\000h\000\040\000c\000h\000o\000\040\000n\000g\001\260\036\335\000i\000\040\000d\000\371\000n\000g\000\040\000c\000u\036\321\000i}{subsection.2.3}% 11
\BOOKMARK [3][]{subsubsection.2.3.2}{\376\377\0002\000.\0003\000.\0002\000\040\000D\000\340\000n\000h\000\040\000c\000h\000o\000\040\000q\000u\036\243\000n\000\040\000t\000r\036\313\000\040\000v\000i\000\352\000n}{subsection.2.3}% 12
\BOOKMARK [1][]{section.3}{\376\377\0003\000\040\000M\036\345\000c\000\040\000t\000i\000\352\000u\000\040\000c\036\347\000a\000\040\000d\036\361\000\040\000\341\000n}{}% 13
\BOOKMARK [2][]{subsection.3.1}{\376\377\0003\000.\0001\000\040\000M\036\345\000c\000\040\000t\000i\000\352\000u\000\040\001\021\036\321\000i\000\040\000v\036\333\000i\000\040\000n\000g\001\260\036\335\000i\000\040\000d\000\371\000n\000g\000\040\000c\000u\036\321\000i}{section.3}% 14
\BOOKMARK [2][]{subsection.3.2}{\376\377\0003\000.\0002\000\040\000M\036\345\000c\000\040\000t\000i\000\352\000u\000\040\001\021\036\321\000i\000\040\000v\036\333\000i\000\040\000c\001\003\000n\000g\000\040\000t\000i\000n\000\040\000\050\000q\000u\036\243\000n\000\040\000t\000r\036\313\000\040\000v\000i\000\352\000n\000\051}{section.3}% 15
\BOOKMARK [2][]{subsection.3.3}{\376\377\0003\000.\0003\000\040\000M\036\345\000c\000\040\000t\000i\000\352\000u\000\040\000v\036\301\000\040\000m\036\267\000t\000\040\000c\000\364\000n\000g\000\040\000n\000g\000h\036\307\000\040\000v\000\340\000\040\000t\000r\000i\036\303\000n\000\040\000k\000h\000a\000i}{section.3}% 16
\BOOKMARK [1][]{section.4}{\376\377\0004\000\040\000T\000\355\000n\000h\000\040\000c\036\245\000p\000\040\000t\000h\000i\036\277\000t\000\040\000v\000\340\000\040\000t\000\355\000n\000h\000\040\000s\000\341\000n\000g\000\040\000t\036\241\000o\000\040\000c\036\347\000a\000\040\000d\036\361\000\040\000\341\000n}{}% 17
\BOOKMARK [2][]{subsection.4.1}{\376\377\0004\000.\0001\000\040\000T\000\355\000n\000h\000\040\000c\036\245\000p\000\040\000t\000h\000i\036\277\000t}{section.4}% 18
\BOOKMARK [3][]{subsubsection.4.1.1}{\376\377\0004\000.\0001\000.\0001\000\040\000T\000h\000\341\000c\000h\000\040\000t\000h\036\351\000c\000\040\000h\000i\036\307\000n\000\040\000t\036\241\000i}{subsection.4.1}% 19
\BOOKMARK [3][]{subsubsection.4.1.2}{\376\377\0004\000.\0001\000.\0002\000\040\000G\000i\036\243\000i\000\040\000p\000h\000\341\000p\000\040\000c\036\347\000a\000\04