\BOOKMARK [1][]{Doc-Start}{\376\377\000D\000a\000n\000h\000\040\000m\036\345\000c\000\040\000v\000i\036\277\000t\000\040\000t\036\257\000t}{}% 1
\BOOKMARK [1][]{table.caption.1}{\376\377\000T\000\363\000m\000\040\000t\036\257\000t\000\040\001\021\036\323\000\040\000\341\000n}{}% 2
\BOOKMARK [1][]{section.1}{\376\377\0001\000\040\000T\036\325\000n\000g\000\040\000q\000u\000a\000n\000\040\000d\036\361\000\040\000\341\000n}{}% 3
\BOOKMARK [2][]{subsection.1.1}{\376\377\0001\000.\0001\000\040\000T\000\352\000n\000\040\000d\036\361\000\040\000\341\000n}{section.1}% 4
\BOOKMARK [2][]{subsection.1.2}{\376\377\0001\000.\0002\000\040\000T\036\247\000m\000\040\000n\000h\000\354\000n}{section.1}% 5
\BOOKMARK [2][]{subsection.1.3}{\376\377\0001\000.\0003\000\040\000S\036\351\000\040\000m\036\307\000n\000h}{section.1}% 6
\BOOKMARK [1][]{section.2}{\376\377\0002\000\040\000\335\000\040\000t\001\260\036\337\000n\000g\000\040\000c\000h\000\355\000n\000h\000\040\000c\036\347\000a\000\040\000d\036\361\000\040\000\341\000n}{}% 7
\BOOKMARK [2][]{subsection.2.1}{\376\377\0002\000.\0001\000\040\000K\000i\036\277\000n\000\040\000t\000r\000\372\000c\000\040\000h\036\307\000\040\000t\000h\036\321\000n\000g}{section.2}% 8
\BOOKMARK [2][]{subsection.2.2}{\376\377\0002\000.\0002\000\040\001\020\000i\036\303\000m\000\040\001\021\036\331\000t\000\040\000p\000h\000\341\000\040\000c\000\364\000n\000g\000\040\000n\000g\000h\036\307}{section.2}% 9
\BOOKMARK [2][]{subsection.2.3}{\376\377\0002\000.\0003\000\040\000C\000h\036\351\000c\000\040\000n\001\003\000n\000g\000\040\000c\000h\000\355\000n\000h}{section.2}% 10
\BOOKMARK [3][]{subsubsection.2.3.1}{\376\377\0002\000.\0003\000.\0001\000\040\000D\000\340\000n\000h\000\040\000c\000h\000o\000\040\000n\000g\001\260\036\335\000i\000\040\000d\000\371\000n\000g\000\040\000c\000u\036\321\000i}{subsection.2.3}% 11
\BOOKMARK [3][]{subsubsection.2.3.2}{\376\377\0002\000.\0003\000.\0002\000\040\000D\000\340\000n\000h\000\040\000c\000h\000o\000\040\000q\000u\036\243\000n\000\040\000t\000r\036\313\000\040\000v\000i\000\352\000n}{subsection.2.3}% 12
\BOOKMARK [1][]{section.3}{\376\377\0003\000\040\000M\036\345\000c\000\040\000t\000i\000\352\000u\000\040\000c\036\347\000a\000\040\000d\036\361\000\040\000\341\000n}{}% 13
\BOOKMARK [2][]{subsection.3.1}{\376\377\0003\000.\0001\000\040\000M\036\345\000c\000\040\000t\000i\000\352\000u\000\040\001\021\036\321\000i\000\040\000v\036\333\000i\000\040\000n\000g\001\260\036\335\000i\000\040\000d\000\371\000n\000g\000\040\000c\000u\036\321\000i}{section.3}% 14
\BOOKMARK [2][]{subsection.3.2}{\376\377\0003\000.\0002\000\040\000M\036\345\000c\000\040\000t\000i\000\352\000u\000\040\001\021\036\321\000i\000\040\000v\036\333\000i\000\040\000c\001\003\000n\000g\000\040\000t\000i\000n\000\040\000\050\000q\000u\036\243\000n\000\040\000t\000r\036\313\000\040\000v\000i\000\352\000n\000\051}{section.3}% 15
\BOOKMARK [2][]{subsection.3.3}{\376\377\0003\000.\0003\000\040\000M\036\345\000c\000\040\000t\000i\000\352\000u\000\040\000v\036\301\000\040\000m\036\267\000t\000\040\000c\000\364\000n\000g\000\040\000n\000g\000h\036\307\000\040\000v\000\340\000\040\000t\000r\000i\036\303\000n\000\040\000k\000h\000a\000i}{section.3}% 16
\BOOKMARK [1][]{section.4}{\376\377\0004\000\040\000T\000\355\000n\000h\000\040\000c\036\245\000p\000\040\000t\000h\000i\036\277\000t\000\040\000v\000\340\000\040\000t\000\355\000n\000h\000\040\000s\000\341\000n\000g\000\040\000t\036\241\000o\000\040\000c\036\347\000a\000\040\000d\036\361\000\040\000\341\000n}{}% 17
\BOOKMARK [2][]{subsection.4.1}{\376\377\0004\000.\0001\000\040\000T\000\355\000n\000h\000\040\000c\036\245\000p\000\040\000t\000h\000i\036\277\000t}{section.4}% 18
\BOOKMARK [3][]{subsubsection.4.1.1}{\376\377\0004\000.\0001\000.\0001\000\040\000T\000h\000\341\000c\000h\000\040\000t\000h\036\351\000c\000\040\000h\000i\036\307\000n\000\040\000t\036\241\000i}{subsection.4.1}% 19
\BOOKMARK [3][]{subsubsection.4.1.2}{\376\377\0004\000.\0001\000.\0002\000\040\000G\000i\036\243\000i\000\040\000p\000h\000\341\000p\000\040\000c\036\347\000a\000\040\000S\000m\000a\000r\000t\000\040\000C\000a\000n\000t\000e\000e\000n\000\040\000A\000R}{subsection.4.1}% 20
\BOOKMARK [2][]{subsection.4.2}{\376\377\0004\000.\0002\000\040\000T\000\355\000n\000h\000\040\000s\000\341\000n\000g\000\040\000t\036\241\000o\000\040\000v\000\340\000\040\001\021\000i\036\303\000m\000\040\000m\036\333\000i}{section.4}% 21
\BOOKMARK [3][]{subsubsection.4.2.1}{\376\377\0004\000.\0002\000.\0001\000\040\001\020\036\325\000i\000\040\000m\036\333\000i\000\040\000c\000\364\000n\000g\000\040\000n\000g\000h\036\307}{subsection.4.2}% 22
\BOOKMARK [3][]{subsubsection.4.2.2}{\376\377\0004\000.\0002\000.\0002\000\040\000T\000\355\000c\000h\000\040\000h\036\343\000p\000\040\000t\000o\000\340\000n\000\040\000d\000i\036\307\000n}{subsection.4.2}% 23
\BOOKMARK [1][]{section.5}{\376\377\0005\000\040\000M\000\364\000\040\000h\000\354\000n\000h\000\040\000k\000i\000n\000h\000\040\000d\000o\000a\000n\000h\000\040\000L\000e\000a\000n\000\040\000C\000a\000n\000v\000a\000s}{}% 24
\BOOKMARK [1][]{section.6}{\376\377\0006\000\040\000K\036\277\000\040\000h\000o\036\241\000c\000h\000\040\000t\000h\036\361\000c\000\040\000h\000i\036\307\000n}{}% 25
\BOOKMARK [2][]{subsection.6.1}{\376\377\0006\000.\0001\000\040\000P\000h\000\342\000n\000\040\000t\000\355\000c\000h\000\040\000t\000h\036\313\000\040\000t\000r\001\260\036\335\000n\000g\000\040\000c\000h\000i\000\040\000t\000i\036\277\000t}{section.6}% 26
\BOOKMARK [3][]{subsubsection.6.1.1}{\376\377\0006\000.\0001\000.\0001\000\040\000Q\000u\000y\000\040\000m\000\364\000\040\000t\000h\036\313\000\040\000t\000r\001\260\036\335\000n\000g\000\040\000F\000\046\000B\000\040\000V\000i\036\307\000t\000\040\000N\000a\000m}{subsection.6.1}% 27
\BOOKMARK [3][]{subsubsection.6.1.2}{\376\377\0006\000.\0001\000.\0002\000\040\000P\000h\000\342\000n\000\040\000t\000\355\000c\000h\000\040\000T\000A\000M\000-\000S\000A\000M\000-\000S\000O\000M}{subsection.6.1}% 28
\BOOKMARK [3][]{subsubsection.6.1.3}{\376\377\0006\000.\0001\000.\0003\000\040\000X\000\341\000c\000\040\001\021\036\313\000n\000h\000\040\000c\000h\000\342\000n\000\040\000d\000u\000n\000g\000\040\000k\000h\000\341\000c\000h\000\040\000h\000\340\000n\000g}{subsection.6.1}% 29
\BOOKMARK [3][]{subsubsection.6.1.4}{\376\377\0006\000.\0001\000.\0004\000\040\000X\000\341\000c\000\040\001\021\036\313\000n\000h\000\040\000t\000h\036\313\000\040\000t\000r\001\260\036\335\000n\000g}{subsection.6.1}% 30
\BOOKMARK [3][]{subsubsection.6.1.5}{\376\377\0006\000.\0001\000.\0005\000\040\000C\000\341\000c\000\040\000x\000u\000\040\000t\000h\036\277\000\040\000h\000i\036\307\000n\000\040\000n\000a\000y\000\040\000t\000r\000\352\000n\000\040\000t\000h\036\313\000\040\000t\000r\001\260\036\335\000n\000g\000\040\000c\000\363\000\040\000l\036\343\000i\000\040\000c\000h\000o\000\040\000d\036\361\000\040\000\341\000n\000\040\000c\036\347\000a\000\040\000b\036\241\000n\000:}{subsection.6.1}% 31
\BOOKMARK [3][]{subsubsection.6.1.6}{\376\377\0006\000.\0001\000.\0006\000\040\000M\000a\000\040\000t\000r\036\255\000n\000\040\000p\000h\000\342\000n\000\040\000t\000\355\000c\000h\000\040\001\021\036\321\000i\000\040\000t\000h\036\347\000\040\000c\036\241\000n\000h\000\040\000t\000r\000a\000n\000h}{subsection.6.1}% 32
\BOOKMARK [3][]{subsubsection.6.1.7}{\376\377\0006\000.\0001\000.\0007\000\040\000S\000W\000O\000T\000\040\000A\000n\000a\000l\000y\000s\000i\000s}{subsection.6.1}% 33
\BOOKMARK [3][]{subsubsection.6.1.8}{\376\377\0006\000.\0001\000.\0008\000\040\000N\000h\000\340\000\040\000c\000u\000n\000g\000\040\000c\036\245\000p\000:}{subsection.6.1}% 34
\BOOKMARK [3][]{subsubsection.6.1.9}{\376\377\0006\000.\0001\000.\0009\000\040\000S\036\243\000n\000\040\000p\000h\036\251\000m\000\040\000t\000h\000a\000y\000\040\000t\000h\036\277\000:}{subsection.6.1}% 35
\BOOKMARK [2][]{subsection.6.2}{\376\377\0006\000.\0002\000\040\000K\036\277\000\040\000h\000o\036\241\000c\000h\000\040\000p\000h\000\341\000t\000\040\000t\000r\000i\036\303\000n\000\040\000s\036\243\000n\000\040\000p\000h\036\251\000m}{section.6}% 36
\BOOKMARK [2][]{subsection.6.3}{\376\377\0006\000.\0003\000\040\000D\036\361\000\040\000b\000\341\000o\000\040\000t\000\340\000i\000\040\000c\000h\000\355\000n\000h\000\040\000v\000\340\000\040\000m\000\364\000\040\000h\000\354\000n\000h\000\040\000k\000i\000n\000h\000\040\000d\000o\000a\000n\000h}{section.6}% 37
\BOOKMARK [3][]{subsubsection.6.3.1}{\376\377\0006\000.\0003\000.\0001\000\040\000C\001\241\000\040\000c\036\245\000u\000\040\000c\000h\000i\000\040\000p\000h\000\355\000\040\000v\000\340\000\040\000d\000o\000a\000n\000h\000\040\000t\000h\000u}{subsection.6.3}% 38
\BOOKMARK [3][]{subsubsection.6.3.2}{\376\377\0006\000.\0003\000.\0002\000\040\000C\000h\000i\036\277\000n\000\040\000l\001\260\036\343\000c\000\040\000G\000o\000-\000t\000o\000-\000M\000a\000r\000k\000e\000t}{subsection.6.3}% 39
\BOOKMARK [2][]{subsection.6.4}{\376\377\0006\000.\0004\000\040\001\020\036\331\000i\000\040\000n\000g\001\151\000\040\000t\000h\036\361\000c\000\040\000h\000i\036\307\000n}{section.6}% 40
\BOOKMARK [3][]{subsubsection.6.4.1}{\376\377\0006\000.\0004\000.\0001\000\040\000T\000h\000\340\000n\000h\000\040\000v\000i\000\352\000n\000\040\000n\000h\000\363\000m}{subsection.6.4}% 41
\BOOKMARK [3][]{subsubsection.6.4.2}{\376\377\0006\000.\0004\000.\0002\000\040\000P\000h\000\342\000n\000\040\000c\000\364\000n\000g\000\040\000c\000\364\000n\000g\000\040\000v\000i\036\307\000c\000\040\000c\000h\000i\000\040\000t\000i\036\277\000t}{subsection.6.4}% 42
\BOOKMARK [3][]{subsubsection.6.4.3}{\376\377\0006\000.\0004\000.\0003\000\040\000K\036\371\000\040\000n\001\003\000n\000g\000\040\000v\000\340\000\040\000k\000i\000n\000h\000\040\000n\000g\000h\000i\036\307\000m}{subsection.6.4}% 43
\BOOKMARK [2][]{subsection.6.5}{\376\377\0006\000.\0005\000\040\000T\000\341\000c\000\040\001\021\036\331\000n\000g\000\040\000x\000\343\000\040\000h\036\331\000i\000\040\000v\000\340\000\040\000m\000\364\000i\000\040\000t\000r\001\260\036\335\000n\000g}{section.6}% 44
\BOOKMARK [3][]{subsubsection.6.5.1}{\376\377\0006\000.\0005\000.\0001\000\040\000C\000o\000n\000t\000r\000i\000b\000u\000t\000i\000o\000n\000\040\000t\000o\000\040\000U\000N\000\040\000S\000D\000G\000s}{subsection.6.5}% 45
\BOOKMARK [3][]{subsubsection.6.5.2}{\376\377\0006\000.\0005\000.\0002\000\040\000L\036\343\000i\000\040\000\355\000c\000h\000\040\000x\000\343\000\040\000h\036\331\000i}{subsection.6.5}% 46
\BOOKMARK [1][]{section.7}{\376\377\0007\000\040\000P\000h\036\345\000\040\000l\036\345\000c}{}% 47
\BOOKMARK [2][]{subsection.7.1}{\376\377\0007\000.\0001\000\040\000P\000h\036\345\000\040\000l\036\345\000c\000\040\000A\000:\000\040\000T\000h\000\364\000n\000g\000\040\000t\000i\000n\000\040\000k\036\371\000\040\000t\000h\000u\036\255\000t\000\040\000c\000h\000i\000\040\000t\000i\036\277\000t}{section.7}% 48
\BOOKMARK [3][]{subsubsection.7.1.1}{\376\377\0007\000.\0001\000.\0001\000\040\000K\000i\036\277\000n\000\040\000t\000r\000\372\000c\000\040\000h\036\307\000\040\000t\000h\036\321\000n\000g}{subsection.7.1}% 49
\BOOKMARK [3][]{subsubsection.7.1.2}{\376\377\0007\000.\0001\000.\0002\000\040\000B\036\243\000o\000\040\000m\036\255\000t\000\040\000v\000\340\000\040\000t\000u\000\342\000n\000\040\000t\000h\036\347}{subsection.7.1}% 50
\BOOKMARK [2][]{subsection.7.2}{\376\377\0007\000.\0002\000\040\000P\000h\036\345\000\040\000l\036\345\000c\000\040\000B\000:\000\040\000N\000g\000h\000i\000\352\000n\000\040\000c\036\351\000u\000\040\000t\000h\036\313\000\040\000t\000r\001\260\036\335\000n\000g}{section.7}% 51
\BOOKMARK [3][]{subsubsection.7.2.1}{\376\377\0007\000.\0002\000.\0001\000\040\000K\036\277\000t\000\040\000q\000u\036\243\000\040\000k\000h\036\243\000o\000\040\000s\000\341\000t}{subsection.7.2}% 52
\BOOKMARK [2][]{subsection.7.3}{\376\377\0007\000.\0003\000\040\000P\000h\036\345\000\040\000l\036\345\000c\000\040\000C\000:\000\040\000M\000\364\000\040\000h\000\354\000n\000h\000\040\000k\036\371\000\040\000t\000h\000u\036\255\000t\000\040\000c\000h\000i\000\040\000t\000i\036\277\000t}{section.7}% 53
\BOOKMARK [3][]{subsubsection.7.3.1}{\376\377\0007\000.\0003\000.\0001\000\040\000C\000\341\000c\000\040\000t\000h\000\364\000n\000g\000\040\000s\036\321\000\040\000k\036\371\000\040\000t\000h\000u\036\255\000t}{subsection.7.3}% 54
\BOOKMARK [2][]{subsection.7.4}{\376\377\0007\000.\0004\000\040\000P\000h\036\345\000\040\000l\036\345\000c\000\040\000D\000:\000\040\000T\000e\000c\000h\000n\000o\000l\000o\000g\000y\000\040\000R\000o\000a\000d\000m\000a\000p}{section.7}% 55
\BOOKMARK [2][]{subsection.7.5}{\376\377\0007\000.\0005\000\040\000P\000h\036\345\000\040\000l\036\345\000c\000\040\000E\000:\000\040\000L\000e\000g\000a\000l\000\040\000v\000\340\000\040\000C\000o\000m\000p\000l\000i\000a\000n\000c\000e}{section.7}% 56
\BOOKMARK [3][]{subsubsection.7.5.1}{\376\377\0007\000.\0005\000.\0001\000\040\000K\000h\000u\000n\000g\000\040\000p\000h\000\341\000p\000\040\000l\000\375}{subsection.7.5}% 57
\BOOKMARK [3][]{subsubsection.7.5.2}{\376\377\0007\000.\0005\000.\0002\000\040\000Q\000u\036\243\000n\000\040\000l\000\375\000\040\000r\036\347\000i\000\040\000r\000o\000\040\000p\000h\000\341\000p\000\040\000l\000\375}{subsection.7.5}% 58
\BOOKMARK [1][]{section.8}{\376\377\0008\000\040\000K\036\277\000t\000\040\000l\000u\036\255\000n\000\040\000v\000\340\000\040\000C\000a\000l\000l\000-\000t\000o\000-\000A\000c\000t\000i\000o\000n}{}% 59
\BOOKMARK [2][]{subsection.8.1}{\376\377\0008\000.\0001\000\040\000T\000\363\000m\000\040\000t\036\257\000t\000\040\000g\000i\000\341\000\040\000t\000r\036\313\000\040\000d\036\361\000\040\000\341\000n}{section.8}% 60
\BOOKMARK [2][]{subsection.8.2}{\376\377\0008\000.\0002\000\040\000R\000o\000a\000d\000m\000a\000p\000\040\000t\000h\000\340\000n\000h\000\040\000c\000\364\000n\000g}{section.8}% 61
\BOOKMARK [2][]{subsection.8.3}{\376\377\0008\000.\0003\000\040\000K\036\277\000t\000\040\000l\000u\036\255\000n\000\040\000v\000\340\000\040\001\021\000\341\000n\000h\000\040\000g\000i\000\341}{section.8}% 62
\BOOKMARK [2][]{subsection.8.4}{\376\377\0008\000.\0004\000\040\000H\036\241\000n\000\040\000c\000h\036\277\000\040\000v\000\340\000\040\001\021\036\301\000\040\000x\000u\036\245\000t\000\040\000c\036\243\000i\000\040\000t\000i\036\277\000n}{section.8}% 63
\BOOKMARK [2][]{subsection.8.5}{\376\377\0008\000.\0005\000\040\000H\001\260\036\333\000n\000g\000\040\000p\000h\000\341\000t\000\040\000t\000r\000i\036\303\000n\000\040\000t\000i\036\277\000p\000\040\000t\000h\000e\000o}{section.8}% 64
\BOOKMARK [2][]{subsection.8.6}{\376\377\0008\000.\0006\000\040\000T\000h\000\364\000n\000g\000\040\000t\000i\000n\000\040\000l\000i\000\352\000n\000\040\000h\036\307\000\040\000n\000h\000\363\000m}{section.8}% 65
\BOOKMARK [2][]{subsection.8.7}{\376\377\0008\000.\0007\000\040\000P\000h\000\342\000n\000\040\000c\000\364\000n\000g\000\040\000c\000\364\000n\000g\000\040\000v\000i\036\307\000c}{section.8}% 66
